Got config end = ''
r1:end of response

--------------------------
UNITY > c:pluginConfig end
Got config end = ''
c32:disableCommand add
c32:disableCommand changeDescription
c32:disableCommand changeMove
c32:disableCommand changes
c32:disableCommand changeStatus
c32:disableCommand checkout
c32:disableCommand deleteChanges
c32:disableCommand delete
c32:disableCommand download
c32:disableCommand getLatest
c32:disableCommand incomingChangeAssets
c32:disableCommand incoming
c32:disableCommand lock
c32:disableCommand move
c32:disableCommand resolve
c32:disableCommand revertChanges
c32:disableCommand revert
c32:disableCommand status
c32:disableCommand submit
c32:disableCommand unlock
c32:offline Perforce server and port not set. Ignoring connection request.
r1:end of response

--------------------------
r1:end of response

--------------------------
UNITY > c:pluginConfig end
Got config end = ''
c32:disableCommand add
c32:disableCommand changeDescription
c32:disableCommand changeMove
c32:disableCommand changes
c32:disableCommand changeStatus
c32:disableCommand checkout
c32:disableCommand deleteChanges
c32:disableCommand delete
c32:disableCommand download
c32:disableCommand getLatest
c32:disableCommand incomingChangeAssets
c32:disableCommand incoming
c32:disableCommand lock
c32:disableCommand move
c32:disableCommand resolve
c32:disableCommand revertChanges
c32:disableCommand revert
c32:disableCommand status
c32:disableCommand submit
c32:disableCommand unlock
c32:offline Perforce server and port not set. Ignoring connection request.
r1:end of response

--------------------------
r1:end of response

--------------------------
UNITY > c:pluginConfig end
Got config end = ''
c32:disableCommand add
c32:disableCommand changeDescription
c32:disableCommand changeMove
c32:disableCommand changes
c32:disableCommand changeStatus
c32:disableCommand checkout
c32:disableCommand deleteChanges
c32:disableCommand delete
c32:disableCommand download
c32:disableCommand getLatest
c32:disableCommand incomingChangeAssets
c32:disableCommand incoming
c32:disableCommand lock
c32:disableCommand move
c32:disableCommand resolve
c32:disableCommand revertChanges
c32:disableCommand revert
c32:disableCommand status
c32:disableCommand submit
c32:disableCommand unlock
c32:offline Perforce server and port not set. Ignoring connection request.
r1:end of response

--------------------------
r1:end of response

--------------------------
UNITY > c:pluginConfig end
Got config end = ''
c32:disableCommand add
c32:disableCommand changeDescription
c32:disableCommand changeMove
c32:disableCommand changes
c32:disableCommand changeStatus
c32:disableCommand checkout
c32:disableCommand deleteChanges
c32:disableCommand delete
c32:disableCommand download
c32:disableCommand getLatest
c32:disableCommand incomingChangeAssets
c32:disableCommand incoming
c32:disableCommand lock
c32:disableCommand move
c32:disableCommand resolve
c32:disableCommand revertChanges
c32:disableCommand revert
c32:disableCommand status
c32:disableCommand submit
c32:disableCommand unlock
c32:offline Perforce server and port not set. Ignoring connection request.
r1:end of response

--------------------------
r1:end of response

--------------------------
UNITY > c:pluginConfig end
Got config end = ''
c32:disableCommand add
c32:disableCommand changeDescription
c32:disableCommand changeMove
c32:disableCommand changes
c32:disableCommand changeStatus
c32:disableCommand checkout
c32:disableCommand deleteChanges
c32:disableCommand delete
c32:disableCommand download
c32:disableCommand getLatest
c32:disableCommand incomingChangeAssets
c32:disableCommand incoming
c32:disableCommand lock
c32:disableCommand move
c32:disableCommand resolve
c32:disableCommand revertChanges
c32:disableCommand revert
c32:disableCommand status
c32:disableCommand submit
c32:disableCommand unlock
c32:offline Perforce server and port not set. Ignoring connection request.
r1:end of response

--------------------------
r1:end of response

--------------------------
UNITY > c:pluginConfig end
Got config end = ''
c32:disableCommand add
c32:disableCommand changeDescription
c32:disableCommand changeMove
c32:disableCommand changes
c32:disableCommand changeStatus
c32:disableCommand checkout
c32:disableCommand deleteChanges
c32:disableCommand delete
c32:disableCommand download
c32:disableCommand getLatest
c32:disableCommand incomingChangeAssets
c32:disableCommand incoming
c32:disableCommand lock
c32:disableCommand move
c32:disableCommand resolve
c32:disableCommand revertChanges
c32:disableCommand revert
c32:disableCommand status
c32:disableCommand submit
c32:disableCommand unlock
c32:offline Perforce server and port not set. Ignoring connection request.
r1:end of response

--------------------------
